[2019-03-14 14:43:55] local.ERROR: Symfony\Component\Debug\Exception\FatalThrowableError: Too few arguments to function Laravel\Lumen\Routing\Router::post(), 1 passed in C:\xampp\htdocs\sekolahAPI\routes\web.php on line 18 and exactly 2 expected in C:\xampp\htdocs\sekolahAPI\vendor\laravel\lumen-framework\src\Routing\Router.php:358
Stack trace:
#0 C:\xampp\htdocs\sekolahAPI\routes\web.php(18): Laravel\Lumen\Routing\Router->post('/siswa, SiswaCo...')
#1 C:\xampp\htdocs\sekolahAPI\bootstrap\app.php(97): require('C:\\xampp\\htdocs...')
#2 [internal function]: {closure}(Object(Laravel\Lumen\Routing\Router))
#3 C:\xampp\htdocs\sekolahAPI\vendor\laravel\lumen-framework\src\Routing\Router.php(62): call_user_func(Object(Closure), Object(Laravel\Lumen\Routing\Router))
#4 C:\xampp\htdocs\sekolahAPI\bootstrap\app.php(98): Laravel\Lumen\Routing\Router->group(Array, Object(Closure))
#5 C:\xampp\htdocs\sekolahAPI\public\index.php(14): require('C:\\xampp\\htdocs...')
#6 {main} {"exception":"[object] (Symfony\\Component\\Debug\\Exception\\FatalThrowableError(code: 0): Too few arguments to function Laravel\\Lumen\\Routing\\Router::post(), 1 passed in C:\\xampp\\htdocs\\sekolahAPI\outes\\web.php on line 18 and exactly 2 expected at C:\\xampp\\htdocs\\sekolahAPI\\vendor\\laravel\\lumen-framework\\src\\Routing\\Router.php:358)
[stacktrace]
#0 C:\\xampp\\htdocs\\sekolahAPI\outes\\web.php(18): Laravel\\Lumen\\Routing\\Router->post('/siswa, SiswaCo...')
#1 C:\\xampp\\htdocs\\sekolahAPI\\bootstrap\\app.php(97): require('C:\\\\xampp\\\\htdocs...')
#2 [internal function]: {closure}(Object(Laravel\\Lumen\\Routing\\Router))
#3 C:\\xampp\\htdocs\\sekolahAPI\\vendor\\laravel\\lumen-framework\\src\\Routing\\Router.php(62): call_user_func(Object(Closure), Object(Laravel\\Lumen\\Routing\\Router))
#4 C:\\xampp\\htdocs\\sekolahAPI\\bootstrap\\app.php(98): Laravel\\Lumen\\Routing\\Router->group(Array, Object(Closure))
#5 C:\\xampp\\htdocs\\sekolahAPI\\public\\index.php(14): require('C:\\\\xampp\\\\htdocs...')
#6 {main}
"} 
[2019-03-14 14:45:51] local.ERROR: Symfony\Component\Debug\Exception\FatalThrowableError: Too few arguments to function Laravel\Lumen\Routing\Router::post(), 1 passed in C:\xampp\htdocs\sekolahAPI\routes\web.php on line 18 and exactly 2 expected in C:\xampp\htdocs\sekolahAPI\vendor\laravel\lumen-framework\src\Routing\Router.php:358
Stack trace:
#0 C:\xampp\htdocs\sekolahAPI\routes\web.php(18): Laravel\Lumen\Routing\Router->post('/siswa, SiswaCo...')
#1 C:\xampp\htdocs\sekolahAPI\bootstrap\app.php(97): require('C:\\xampp\\htdocs...')
#2 [internal function]: {closure}(Object(Laravel\Lumen\Routing\Router))
#3 C:\xampp\htdocs\sekolahAPI\vendor\laravel\lumen-framework\src\Routing\Router.php(62): call_user_func(Object(Closure), Object(Laravel\Lumen\Routing\Router))
#4 C:\xampp\htdocs\sekolahAPI\bootstrap\app.php(98): Laravel\Lumen\Routing\Router->group(Array, Object(Closure))
#5 C:\xampp\htdocs\sekolahAPI\public\index.php(14): require('C:\\xampp\\htdocs...')
#6 {main} {"exception":"[object] (Symfony\\Component\\Debug\\Exception\\FatalThrowableError(code: 0): Too few arguments to function Laravel\\Lumen\\Routing\\Router::post(), 1 passed in C:\\xampp\\htdocs\\sekolahAPI\outes\\web.php on line 18 and exactly 2 expected at C:\\xampp\\htdocs\\sekolahAPI\\vendor\\laravel\\lumen-framework\\src\\Routing\\Router.php:358)
[stacktrace]
#0 C:\\xampp\\htdocs\\sekolahAPI\outes\\web.php(18): Laravel\\Lumen\\Routing\\Router->post('/siswa, SiswaCo...')
#1 C:\\xampp\\htdocs\\sekolahAPI\\bootstrap\\app.php(97): require('C:\\\\xampp\\\\htdocs...')
#2 [internal function]: {closure}(Object(Laravel\\Lumen\\Routing\\Router))
#3 C:\\xampp\\htdocs\\sekolahAPI\\vendor\\laravel\\lumen-framework\\src\\Routing\\Router.php(62): call_user_func(Object(Closure), Object(Laravel\\Lumen\\Routing\\Router))
#4 C:\\xampp\\htdocs\\sekolahAPI\\bootstrap\\app.php(98): Laravel\\Lumen\\Routing\\Router->group(Array, Object(Closure))
#5 C:\\xampp\\htdocs\\sekolahAPI\\public\\index.php(14): require('C:\\\\xampp\\\\htdocs...')
#6 {main}
"} 
[2019-03-14 14:47:01] local.ERROR: Symfony\Component\Debug\Exception\FatalThrowableError: Too few arguments to function Laravel\Lumen\Routing\Router::post(), 1 passed in C:\xampp\htdocs\sekolahAPI\routes\web.php on line 18 and exactly 2 expected in C:\xampp\htdocs\sekolahAPI\vendor\laravel\lumen-framework\src\Routing\Router.php:358
Stack trace:
#0 C:\xampp\htdocs\sekolahAPI\routes\web.php(18): Laravel\Lumen\Routing\Router->post('/siswa, SiswaCo...')
#1 C:\xampp\htdocs\sekolahAPI\bootstrap\app.php(97): require('C:\\xampp\\htdocs...')
#2 [internal function]: {closure}(Object(Laravel\Lumen\Routing\Router))
#3 C:\xampp\htdocs\sekolahAPI\vendor\laravel\lumen-framework\src\Routing\Router.php(62): call_user_func(Object(Closure), Object(Laravel\Lumen\Routing\Router))
#4 C:\xampp\htdocs\sekolahAPI\bootstrap\app.php(98): Laravel\Lumen\Routing\Router->group(Array, Object(Closure))
#5 C:\xampp\htdocs\sekolahAPI\public\index.php(14): require('C:\\xampp\\htdocs...')
#6 {main} {"exception":"[object] (Symfony\\Component\\Debug\\Exception\\FatalThrowableError(code: 0): Too few arguments to function Laravel\\Lumen\\Routing\\Router::post(), 1 passed in C:\\xampp\\htdocs\\sekolahAPI\outes\\web.php on line 18 and exactly 2 expected at C:\\xampp\\htdocs\\sekolahAPI\\vendor\\laravel\\lumen-framework\\src\\Routing\\Router.php:358)
[stacktrace]
#0 C:\\xampp\\htdocs\\sekolahAPI\outes\\web.php(18): Laravel\\Lumen\\Routing\\Router->post('/siswa, SiswaCo...')
#1 C:\\xampp\\htdocs\\sekolahAPI\\bootstrap\\app.php(97): require('C:\\\\xampp\\\\htdocs...')
#2 [internal function]: {closure}(Object(Laravel\\Lumen\\Routing\\Router))
#3 C:\\xampp\\htdocs\\sekolahAPI\\vendor\\laravel\\lumen-framework\\src\\Routing\\Router.php(62): call_user_func(Object(Closure), Object(Laravel\\Lumen\\Routing\\Router))
#4 C:\\xampp\\htdocs\\sekolahAPI\\bootstrap\\app.php(98): Laravel\\Lumen\\Routing\\Router->group(Array, Object(Closure))
#5 C:\\xampp\\htdocs\\sekolahAPI\\public\\index.php(14): require('C:\\\\xampp\\\\htdocs...')
#6 {main}
"} 
[2019-03-14 14:47:45] local.ERROR: Symfony\Component\Debug\Exception\FatalThrowableError: Too few arguments to function Laravel\Lumen\Routing\Router::post(), 1 passed in C:\xampp\htdocs\sekolahAPI\routes\web.php on line 18 and exactly 2 expected in C:\xampp\htdocs\sekolahAPI\vendor\laravel\lumen-framework\src\Routing\Router.php:358
Stack trace:
#0 C:\xampp\htdocs\sekolahAPI\routes\web.php(18): Laravel\Lumen\Routing\Router->post('/siswa, SiswaCo...')
#1 C:\xampp\htdocs\sekolahAPI\bootstrap\app.php(97): require('C:\\xampp\\htdocs...')
#2 [internal function]: {closure}(Object(Laravel\Lumen\Routing\Router))
#3 C:\xampp\htdocs\sekolahAPI\vendor\laravel\lumen-framework\src\Routing\Router.php(62): call_user_func(Object(Closure), Object(Laravel\Lumen\Routing\Router))
#4 C:\xampp\htdocs\sekolahAPI\bootstrap\app.php(98): Laravel\Lumen\Routing\Router->group(Array, Object(Closure))
#5 C:\xampp\htdocs\sekolahAPI\public\index.php(14): require('C:\\xampp\\htdocs...')
#6 {main} {"exception":"[object] (Symfony\\Component\\Debug\\Exception\\FatalThrowableError(code: 0): Too few arguments to function Laravel\\Lumen\\Routing\\Router::post(), 1 passed in C:\\xampp\\htdocs\\sekolahAPI\outes\\web.php on line 18 and exactly 2 expected at C:\\xampp\\htdocs\\sekolahAPI\\vendor\\laravel\\lumen-framework\\src\\Routing\\Router.php:358)
[stacktrace]
#0 C:\\xampp\\htdocs\\sekolahAPI\outes\\web.php(18): Laravel\\Lumen\\Routing\\Router->post('/siswa, SiswaCo...')
#1 C:\\xampp\\htdocs\\sekolahAPI\\bootstrap\\app.php(97): require('C:\\\\xampp\\\\htdocs...')
#2 [internal function]: {closure}(Object(Laravel\\Lumen\\Routing\\Router))
#3 C:\\xampp\\htdocs\\sekolahAPI\\vendor\\laravel\\lumen-framework\\src\\Routing\\Router.php(62): call_user_func(Object(Closure), Object(Laravel\\Lumen\\Routing\\Router))
#4 C:\\xampp\\htdocs\\sekolahAPI\\bootstrap\\app.php(98): Laravel\\Lumen\\Routing\\Router->group(Array, Object(Closure))
#5 C:\\xampp\\htdocs\\sekolahAPI\\public\\index.php(14): require('C:\\\\xampp\\\\htdocs...')
#6 {main}
"} 
[2019-03-14 14:49:17] local.ERROR: Symfony\Component\Debug\Exception\FatalThrowableError: syntax error, unexpected '$validation' (T_VARIABLE), expecting function (T_FUNCTION) or const (T_CONST) in C:\xampp\htdocs\sekolahAPI\app\Http\Controllers\SiswaController.php:9
Stack trace:
#0 C:\xampp\htdocs\sekolahAPI\vendor\composer\ClassLoader.php(322): Composer\Autoload\includeFile('C:\\xampp\\htdocs...')
#1 [internal function]: Composer\Autoload\ClassLoader->loadClass('App\\Http\\Contro...')
#2 [internal function]: spl_autoload_call('App\\Http\\Contro...')
#3 C:\xampp\htdocs\sekolahAPI\vendor\illuminate\container\Container.php(794): ReflectionClass->__construct('App\\Http\\Contro...')
#4 C:\xampp\htdocs\sekolahAPI\vendor\illuminate\container\Container.php(671): Illuminate\Container\Container->build('App\\Http\\Contro...')
#5 C:\xampp\htdocs\sekolahAPI\vendor\illuminate\container\Container.php(619): Illuminate\Container\Container->resolve('App\\Http\\Contro...', Array)
#6 C:\xampp\htdocs\sekolahAPI\vendor\laravel\lumen-framework\src\Application.php(260): Illuminate\Container\Container->make('App\\Http\\Contro...', Array)
#7 C:\xampp\htdocs\sekolahAPI\vendor\laravel\lumen-framework\src\Concerns\RoutesRequests.php(311): Laravel\Lumen\Application->make('App\\Http\\Contro...')
#8 C:\xampp\htdocs\sekolahAPI\vendor\laravel\lumen-framework\src\Concerns\RoutesRequests.php(278): Laravel\Lumen\Application->callControllerAction(Array)
#9 C:\xampp\htdocs\sekolahAPI\vendor\laravel\lumen-framework\src\Concerns\RoutesRequests.php(263): Laravel\Lumen\Application->callActionOnArrayBasedRoute(Array)
#10 C:\xampp\htdocs\sekolahAPI\vendor\laravel\lumen-framework\src\Concerns\RoutesRequests.php(165): Laravel\Lumen\Application->handleFoundRoute(Array)
#11 C:\xampp\htdocs\sekolahAPI\vendor\laravel\lumen-framework\src\Concerns\RoutesRequests.php(416): Laravel\Lumen\Application->Laravel\Lumen\Concerns\{closure}(Object(Laravel\Lumen\Http\Request))
#12 C:\xampp\htdocs\sekolahAPI\vendor\laravel\lumen-framework\src\Concerns\RoutesRequests.php(171): Laravel\Lumen\Application->sendThroughPipeline(Array, Object(Closure))
#13 C:\xampp\htdocs\sekolahAPI\vendor\laravel\lumen-framework\src\Concerns\RoutesRequests.php(108): Laravel\Lumen\Application->dispatch(NULL)
#14 C:\xampp\htdocs\sekolahAPI\public\index.php(28): Laravel\Lumen\Application->run()
#15 {main} {"exception":"[object] (Symfony\\Component\\Debug\\Exception\\FatalThrowableError(code: 0): syntax error, unexpected '$validation' (T_VARIABLE), expecting function (T_FUNCTION) or const (T_CONST) at C:\\xampp\\htdocs\\sekolahAPI\\app\\Http\\Controllers\\SiswaController.php:9)
[stacktrace]
#0 C:\\xampp\\htdocs\\sekolahAPI\\vendor\\composer\\ClassLoader.php(322): Composer\\Autoload\\includeFile('C:\\\\xampp\\\\htdocs...')
#1 [internal function]: Composer\\Autoload\\ClassLoader->loadClass('App\\\\Http\\\\Contro...')
#2 [internal function]: spl_autoload_call('App\\\\Http\\\\Contro...')
#3 C:\\xampp\\htdocs\\sekolahAPI\\vendor\\illuminate\\container\\Container.php(794): ReflectionClass->__construct('App\\\\Http\\\\Contro...')
#4 C:\\xampp\\htdocs\\sekolahAPI\\vendor\\illuminate\\container\\Container.php(671): Illuminate\\Container\\Container->build('App\\\\Http\\\\Contro...')
#5 C:\\xampp\\htdocs\\sekolahAPI\\vendor\\illuminate\\container\\Container.php(619): Illuminate\\Container\\Container->resolve('App\\\\Http\\\\Contro...', Array)
#6 C:\\xampp\\htdocs\\sekolahAPI\\vendor\\laravel\\lumen-framework\\src\\Application.php(260): Illuminate\\Container\\Container->make('App\\\\Http\\\\Contro...', Array)
#7 C:\\xampp\\htdocs\\sekolahAPI\\vendor\\laravel\\lumen-framework\\src\\Concerns\\RoutesRequests.php(311): Laravel\\Lumen\\Application->make('App\\\\Http\\\\Contro...')
#8 C:\\xampp\\htdocs\\sekolahAPI\\vendor\\laravel\\lumen-framework\\src\\Concerns\\RoutesRequests.php(278): Laravel\\Lumen\\Application->callControllerAction(Array)
#9 C:\\xampp\\htdocs\\sekolahAPI\\vendor\\laravel\\lumen-framework\\src\\Concerns\\RoutesRequests.php(263): Laravel\\Lumen\\Application->callActionOnArrayBasedRoute(Array)
#10 C:\\xampp\\htdocs\\sekolahAPI\\vendor\\laravel\\lumen-framework\\src\\Concerns\\RoutesRequests.php(165): Laravel\\Lumen\\Application->handleFoundRoute(Array)
#11 C:\\xampp\\htdocs\\sekolahAPI\\vendor\\laravel\\lumen-framework\\src\\Concerns\\RoutesRequests.php(416): Laravel\\Lumen\\Application->Laravel\\Lumen\\Concerns\\{closure}(Object(Laravel\\Lumen\\Http\\Request))
#12 C:\\xampp\\htdocs\\sekolahAPI\\vendor\\laravel\\lumen-framework\\src\\Concerns\\RoutesRequests.php(171): Laravel\\Lumen\\Application->sendThroughPipeline(Array, Object(Closure))
#13 C:\\xampp\\htdocs\\sekolahAPI\\vendor\\laravel\\lumen-framework\\src\\Concerns\\RoutesRequests.php(108): Laravel\\Lumen\\Application->dispatch(NULL)
#14 C:\\xampp\\htdocs\\sekolahAPI\\public\\index.php(28): Laravel\\Lumen\\Application->run()
#15 {main}
"} 
[2019-03-14 14:50:08] local.ERROR: Symfony\Component\Debug\Exception\FatalThrowableError: syntax error, unexpected '$validation' (T_VARIABLE), expecting function (T_FUNCTION) or const (T_CONST) in C:\xampp\htdocs\sekolahAPI\app\Http\Controllers\SiswaController.php:9
Stack trace:
#0 C:\xampp\htdocs\sekolahAPI\vendor\composer\ClassLoader.php(322): Composer\Autoload\includeFile('C:\\xampp\\htdocs...')
#1 [internal function]: Composer\Autoload\ClassLoader->loadClass('App\\Http\\Contro...')
#2 [internal function]: spl_autoload_call('App\\Http\\Contro...')
#3 C:\xampp\htdocs\sekolahAPI\vendor\illuminate\container\Container.php(794): ReflectionClass->__construct('App\\Http\\Contro...')
#4 C:\xampp\htdocs\sekolahAPI\vendor\illuminate\container\Container.php(671): Illuminate\Container\Container->build('App\\Http\\Contro...')
#5 C:\xampp\htdocs\sekolahAPI\vendor\illuminate\container\Container.php(619): Illuminate\Container\Container->resolve('App\\Http\\Contro...', Array)
#6 C:\xampp\htdocs\sekolahAPI\vendor\laravel\lumen-framework\src\Application.php(260): Illuminate\Container\Container->make('App\\Http\\Contro...', Array)
#7 C:\xampp\htdocs\sekolahAPI\vendor\laravel\lumen-framework\src\Concerns\RoutesRequests.php(311): Laravel\Lumen\Application->make('App\\Http\\Contro...')
#8 C:\xampp\htdocs\sekolahAPI\vendor\laravel\lumen-framework\src\Concerns\RoutesRequests.php(278): Laravel\Lumen\Application->callControllerAction(Array)
#9 C:\xampp\htdocs\sekolahAPI\vendor\laravel\lumen-framework\src\Concerns\RoutesRequests.php(263): Laravel\Lumen\Application->callActionOnArrayBasedRoute(Array)
#10 C:\xampp\htdocs\sekolahAPI\vendor\laravel\lumen-framework\src\Concerns\RoutesRequests.php(165): Laravel\Lumen\Application->handleFoundRoute(Array)
#11 C:\xampp\htdocs\sekolahAPI\vendor\laravel\lumen-framework\src\Concerns\RoutesRequests.php(416): Laravel\Lumen\Application->Laravel\Lumen\Concerns\{closure}(Object(Laravel\Lumen\Http\Request))
#12 C:\xampp\htdocs\sekolahAPI\vendor\laravel\lumen-framework\src\Concerns\RoutesRequests.php(171): Laravel\Lumen\Application->sendThroughPipeline(Array, Object(Closure))
#13 C:\xampp\htdocs\sekolahAPI\vendor\laravel\lumen-framework\src\Concerns\RoutesRequests.php(108): Laravel\Lumen\Application->dispatch(NULL)
#14 C:\xampp\htdocs\sekolahAPI\public\index.php(28): Laravel\Lumen\Application->run()
#15 {main} {"exception":"[object] (Symfony\\Component\\Debug\\Exception\\FatalThrowableError(code: 0): syntax error, unexpected '$validation' (T_VARIABLE), expecting function (T_FUNCTION) or const (T_CONST) at C:\\xampp\\htdocs\\sekolahAPI\\app\\Http\\Controllers\\SiswaController.php:9)
[stacktrace]
#0 C:\\xampp\\htdocs\\sekolahAPI\\vendor\\composer\\ClassLoader.php(322): Composer\\Autoload\\includeFile('C:\\\\xampp\\\\htdocs...')
#1 [internal function]: Composer\\Autoload\\ClassLoader->loadClass('App\\\\Http\\\\Contro...')
#2 [internal function]: spl_autoload_call('App\\\\Http\\\\Contro...')
#3 C:\\xampp\\htdocs\\sekolahAPI\\vendor\\illuminate\\container\\Container.php(794): ReflectionClass->__construct('App\\\\Http\\\\Contro...')
#4 C:\\xampp\\htdocs\\sekolahAPI\\vendor\\illuminate\\container\\Container.php(671): Illuminate\\Container\\Container->build('App\\\\Http\\\\Contro...')
#5 C:\\xampp\\htdocs\\sekolahAPI\\vendor\\illuminate\\container\\Container.php(619): Illuminate\\Container\\Container->resolve('App\\\\Http\\\\Contro...', Array)
#6 C:\\xampp\\htdocs\\sekolahAPI\\vendor\\laravel\\lumen-framework\\src\\Application.php(260): Illuminate\\Container\\Container->make('App\\\\Http\\\\Contro...', Array)
#7 C:\\xampp\\htdocs\\sekolahAPI\\vendor\\laravel\\lumen-framework\\src\\Concerns\\RoutesRequests.php(311): Laravel\\Lumen\\Application->make('App\\\\Http\\\\Contro...')
#8 C:\\xampp\\htdocs\\sekolahAPI\\vendor\\laravel\\lumen-framework\\src\\Concerns\\RoutesRequests.php(278): Laravel\\Lumen\\Application->callControllerAction(Array)
#9 C:\\xampp\\htdocs\\sekolahAPI\\vendor\\laravel\\lumen-framework\\src\\Concerns\\RoutesRequests.php(263): Laravel\\Lumen\\Application->callActionOnArrayBasedRoute(Array)
#10 C:\\xampp\\htdocs\\sekolahAPI\\vendor\\laravel\\lumen-framework\\src\\Concerns\\RoutesRequests.php(165): Laravel\\Lumen\\Application->handleFoundRoute(Array)
#11 C:\\xampp\\htdocs\\sekolahAPI\\vendor\\laravel\\lumen-framework\\src\\Concerns\\RoutesRequests.php(416): Laravel\\Lumen\\Application->Laravel\\Lumen\\Concerns\\{closure}(Object(Laravel\\Lumen\\Http\\Request))
#12 C:\\xampp\\htdocs\\sekolahAPI\\vendor\\laravel\\lumen-framework\\src\\Concerns\\RoutesRequests.php(171): Laravel\\Lumen\\Application->sendThroughPipeline(Array, Object(Closure))
#13 C:\\xampp\\htdocs\\sekolahAPI\\vendor\\laravel\\lumen-framework\\src\\Concerns\\RoutesRequests.php(108): Laravel\\Lumen\\Application->dispatch(NULL)
#14 C:\\xampp\\htdocs\\sekolahAPI\\public\\index.php(28): Laravel\\Lumen\\Application->run()
#15 {main}
"} 
[2019-03-14 14:52:26] local.ERROR: Symfony\Component\Debug\Exception\FatalThrowableError: syntax error, unexpected ''alamat'' (T_CONSTANT_ENCAPSED_STRING), expecting ']' in C:\xampp\htdocs\sekolahAPI\app\Http\Controllers\SiswaController.php:14
Stack trace:
#0 C:\xampp\htdocs\sekolahAPI\vendor\composer\ClassLoader.php(322): Composer\Autoload\includeFile('C:\\xampp\\htdocs...')
#1 [internal function]: Composer\Autoload\ClassLoader->loadClass('App\\Http\\Contro...')
#2 [internal function]: spl_autoload_call('App\\Http\\Contro...')
#3 C:\xampp\htdocs\sekolahAPI\vendor\illuminate\container\Container.php(794): ReflectionClass->__construct('App\\Http\\Contro...')
#4 C:\xampp\htdocs\sekolahAPI\vendor\illuminate\container\Container.php(671): Illuminate\Container\Container->build('App\\Http\\Contro...')
#5 C:\xampp\htdocs\sekolahAPI\vendor\illuminate\container\Container.php(619): Illuminate\Container\Container->resolve('App\\Http\\Contro...', Array)
#6 C:\xampp\htdocs\sekolahAPI\vendor\laravel\lumen-framework\src\Application.php(260): Illuminate\Container\Container->make('App\\Http\\Contro...', Array)
#7 C:\xampp\htdocs\sekolahAPI\vendor\laravel\lumen-framework\src\Concerns\RoutesRequests.php(311): Laravel\Lumen\Application->make('App\\Http\\Contro...')
#8 C:\xampp\htdocs\sekolahAPI\vendor\laravel\lumen-framework\src\Concerns\RoutesRequests.php(278): Laravel\Lumen\Application->callControllerAction(Array)
#9 C:\xampp\htdocs\sekolahAPI\vendor\laravel\lumen-framework\src\Concerns\RoutesRequests.php(263): Laravel\Lumen\Application->callActionOnArrayBasedRoute(Array)
#10 C:\xampp\htdocs\sekolahAPI\vendor\laravel\lumen-framework\src\Concerns\RoutesRequests.php(165): Laravel\Lumen\Application->handleFoundRoute(Array)
#11 C:\xampp\htdocs\sekolahAPI\vendor\laravel\lumen-framework\src\Concerns\RoutesRequests.php(416): Laravel\Lumen\Application->Laravel\Lumen\Concerns\{closure}(Object(Laravel\Lumen\Http\Request))
#12 C:\xampp\htdocs\sekolahAPI\vendor\laravel\lumen-framework\src\Concerns\RoutesRequests.php(171): Laravel\Lumen\Application->sendThroughPipeline(Array, Object(Closure))
#13 C:\xampp\htdocs\sekolahAPI\vendor\laravel\lumen-framework\src\Concerns\RoutesRequests.php(108): Laravel\Lumen\Application->dispatch(NULL)
#14 C:\xampp\htdocs\sekolahAPI\public\index.php(28): Laravel\Lumen\Application->run()
#15 {main} {"exception":"[object] (Symfony\\Component\\Debug\\Exception\\FatalThrowableError(code: 0): syntax error, unexpected ''alamat'' (T_CONSTANT_ENCAPSED_STRING), expecting ']' at C:\\xampp\\htdocs\\sekolahAPI\\app\\Http\\Controllers\\SiswaController.php:14)
[stacktrace]
#0 C:\\xampp\\htdocs\\sekolahAPI\\vendor\\composer\\ClassLoader.php(322): Composer\\Autoload\\includeFile('C:\\\\xampp\\\\htdocs...')
#1 [internal function]: Composer\\Autoload\\ClassLoader->loadClass('App\\\\Http\\\\Contro...')
#2 [internal function]: spl_autoload_call('App\\\\Http\\\\Contro...')
#3 C:\\xampp\\htdocs\\sekolahAPI\\vendor\\illuminate\\container\\Container.php(794): ReflectionClass->__construct('App\\\\Http\\\\Contro...')
#4 C:\\xampp\\htdocs\\sekolahAPI\\vendor\\illuminate\\container\\Container.php(671): Illuminate\\Container\\Container->build('App\\\\Http\\\\Contro...')
#5 C:\\xampp\\htdocs\\sekolahAPI\\vendor\\illuminate\\container\\Container.php(619): Illuminate\\Container\\Container->resolve('App\\\\Http\\\\Contro...', Array)
#6 C:\\xampp\\htdocs\\sekolahAPI\\vendor\\laravel\\lumen-framework\\src\\Application.php(260): Illuminate\\Container\\Container->make('App\\\\Http\\\\Contro...', Array)
#7 C:\\xampp\\htdocs\\sekolahAPI\\vendor\\laravel\\lumen-framework\\src\\Concerns\\RoutesRequests.php(311): Laravel\\Lumen\\Application->make('App\\\\Http\\\\Contro...')
#8 C:\\xampp\\htdocs\\sekolahAPI\\vendor\\laravel\\lumen-framework\\src\\Concerns\\RoutesRequests.php(278): Laravel\\Lumen\\Application->callControllerAction(Array)
#9 C:\\xampp\\htdocs\\sekolahAPI\\vendor\\laravel\\lumen-framework\\src\\Concerns\\RoutesRequests.php(263): Laravel\\Lumen\\Application->callActionOnArrayBasedRoute(Array)
#10 C:\\xampp\\htdocs\\sekolahAPI\\vendor\\laravel\\lumen-framework\\src\\Concerns\\RoutesRequests.php(165): Laravel\\Lumen\\Application->handleFoundRoute(Array)
#11 C:\\xampp\\htdocs\\sekolahAPI\\vendor\\laravel\\lumen-framework\\src\\Concerns\\RoutesRequests.php(416): Laravel\\Lumen\\Application->Laravel\\Lumen\\Concerns\\{closure}(Object(Laravel\\Lumen\\Http\\Request))
#12 C:\\xampp\\htdocs\\sekolahAPI\\vendor\\laravel\\lumen-framework\\src\\Concerns\\RoutesRequests.php(171): Laravel\\Lumen\\Application->sendThroughPipeline(Array, Object(Closure))
#13 C:\\xampp\\htdocs\\sekolahAPI\\vendor\\laravel\\lumen-framework\\src\\Concerns\\RoutesRequests.php(108): Laravel\\Lumen\\Application->dispatch(NULL)
#14 C:\\xampp\\htdocs\\sekolahAPI\\public\\index.php(28): Laravel\\Lumen\\Application->run()
#15 {main}
"} 
[2019-03-14 14:53:12] local.ERROR: BadMethodCallException: Method Illuminate\Validation\Validator::validateRequried does not exist. in C:\xampp\htdocs\sekolahAPI\vendor\illuminate\validation\Validator.php:1187
Stack trace:
#0 C:\xampp\htdocs\sekolahAPI\vendor\illuminate\validation\Validator.php(398): Illuminate\Validation\Validator->__call('validateRequrie...', Array)
#1 C:\xampp\htdocs\sekolahAPI\vendor\illuminate\validation\Validator.php(277): Illuminate\Validation\Validator->validateAttribute('nis', 'Requried')
#2 C:\xampp\htdocs\sekolahAPI\vendor\illuminate\validation\Validator.php(302): Illuminate\Validation\Validator->passes()
#3 C:\xampp\htdocs\sekolahAPI\app\Http\Controllers\SiswaController.php(17): Illuminate\Validation\Validator->fails()
#4 [internal function]: App\Http\Controllers\SiswaController->create(Object(Laravel\Lumen\Http\Request))
#5 C:\xampp\htdocs\sekolahAPI\vendor\illuminate\container\BoundMethod.php(32): call_user_func_array(Array, Array)
#6 C:\xampp\htdocs\sekolahAPI\vendor\illuminate\container\BoundMethod.php(90): Illuminate\Container\BoundMethod::Illuminate\Container\{closure}()
#7 C:\xampp\htdocs\sekolahAPI\vendor\illuminate\container\BoundMethod.php(34): Illuminate\Container\BoundMethod::callBoundMethod(Object(Laravel\Lumen\Application), Array, Object(Closure))
#8 C:\xampp\htdocs\sekolahAPI\vendor\illuminate\container\Container.php(580): Illuminate\Container\BoundMethod::call(Object(Laravel\Lumen\Application), Array, Array, NULL)
#9 C:\xampp\htdocs\sekolahAPI\vendor\laravel\lumen-framework\src\Concerns\RoutesRequests.php(376): Illuminate\Container\Container->call(Array, Array)
#10 C:\xampp\htdocs\sekolahAPI\vendor\laravel\lumen-framework\src\Concerns\RoutesRequests.php(342): Laravel\Lumen\Application->callControllerCallable(Array, Array)
#11 C:\xampp\htdocs\sekolahAPI\vendor\laravel\lumen-framework\src\Concerns\RoutesRequests.php(316): Laravel\Lumen\Application->callLumenController(Object(App\Http\Controllers\SiswaController), 'create', Array)
#12 C:\xampp\htdocs\sekolahAPI\vendor\laravel\lumen-framework\src\Concerns\RoutesRequests.php(278): Laravel\Lumen\Application->callControllerAction(Array)
#13 C:\xampp\htdocs\sekolahAPI\vendor\laravel\lumen-framework\src\Concerns\RoutesRequests.php(263): Laravel\Lumen\Application->callActionOnArrayBasedRoute(Array)
#14 C:\xampp\htdocs\sekolahAPI\vendor\laravel\lumen-framework\src\Concerns\RoutesRequests.php(165): Laravel\Lumen\Application->handleFoundRoute(Array)
#15 C:\xampp\htdocs\sekolahAPI\vendor\laravel\lumen-framework\src\Concerns\RoutesRequests.php(416): Laravel\Lumen\Application->Laravel\Lumen\Concerns\{closure}(Object(Laravel\Lumen\Http\Request))
#16 C:\xampp\htdocs\sekolahAPI\vendor\laravel\lumen-framework\src\Concerns\RoutesRequests.php(171): Laravel\Lumen\Application->sendThroughPipeline(Array, Object(Closure))
#17 C:\xampp\htdocs\sekolahAPI\vendor\laravel\lumen-framework\src\Concerns\RoutesRequests.php(108): Laravel\Lumen\Application->dispatch(NULL)
#18 C:\xampp\htdocs\sekolahAPI\public\index.php(28): Laravel\Lumen\Application->run()
#19 {main} {"exception":"[object] (BadMethodCallException(code: 0): Method Illuminate\\Validation\\Validator::validateRequried does not exist. at C:\\xampp\\htdocs\\sekolahAPI\\vendor\\illuminate\\validation\\Validator.php:1187)
[stacktrace]
#0 C:\\xampp\\htdocs\\sekolahAPI\\vendor\\illuminate\\validation\\Validator.php(398): Illuminate\\Validation\\Validator->__call('validateRequrie...', Array)
#1 C:\\xampp\\htdocs\\sekolahAPI\\vendor\\illuminate\\validation\\Validator.php(277): Illuminate\\Validation\\Validator->validateAttribute('nis', 'Requried')
#2 C:\\xampp\\htdocs\\sekolahAPI\\vendor\\illuminate\\validation\\Validator.php(302): Illuminate\\Validation\\Validator->passes()
#3 C:\\xampp\\htdocs\\sekolahAPI\\app\\Http\\Controllers\\SiswaController.php(17): Illuminate\\Validation\\Validator->fails()
#4 [internal function]: App\\Http\\Controllers\\SiswaController->create(Object(Laravel\\Lumen\\Http\\Request))
#5 C:\\xampp\\htdocs\\sekolahAPI\\vendor\\illuminate\\container\\BoundMethod.php(32): call_user_func_array(Array, Array)
#6 C:\\xampp\\htdocs\\sekolahAPI\\vendor\\illuminate\\container\\BoundMethod.php(90): Illuminate\\Container\\BoundMethod::Illuminate\\Container\\{closure}()
#7 C:\\xampp\\htdocs\\sekolahAPI\\vendor\\illuminate\\container\\BoundMethod.php(34): Illuminate\\Container\\BoundMethod::callBoundMethod(Object(Laravel\\Lumen\\Application), Array, Object(Closure))
#8 C:\\xampp\\htdocs\\sekolahAPI\\vendor\\illuminate\\container\\Container.php(580): Illuminate\\Container\\BoundMethod::call(Object(Laravel\\Lumen\\Application), Array, Array, NULL)
#9 C:\\xampp\\htdocs\\sekolahAPI\\vendor\\laravel\\lumen-framework\\src\\Concerns\\RoutesRequests.php(376): Illuminate\\Container\\Container->call(Array, Array)
#10 C:\\xampp\\htdocs\\sekolahAPI\\vendor\\laravel\\lumen-framework\\src\\Concerns\\RoutesRequests.php(342): Laravel\\Lumen\\Application->callControllerCallable(Array, Array)
#11 C:\\xampp\\htdocs\\sekolahAPI\\vendor\\laravel\\lumen-framework\\src\\Concerns\\RoutesRequests.php(316): Laravel\\Lumen\\Application->callLumenController(Object(App\\Http\\Controllers\\SiswaController), 'create', Array)
#12 C:\\xampp\\htdocs\\sekolahAPI\\vendor\\laravel\\lumen-framework\\src\\Concerns\\RoutesRequests.php(278): Laravel\\Lumen\\Application->callControllerAction(Array)
#13 C:\\xampp\\htdocs\\sekolahAPI\\vendor\\laravel\\lumen-framework\\src\\Concerns\\RoutesRequests.php(263): Laravel\\Lumen\\Application->callActionOnArrayBasedRoute(Array)
#14 C:\\xampp\\htdocs\\sekolahAPI\\vendor\\laravel\\lumen-framework\\src\\Concerns\\RoutesRequests.php(165): Laravel\\Lumen\\Application->handleFoundRoute(Array)
#15 C:\\xampp\\htdocs\\sekolahAPI\\vendor\\laravel\\lumen-framework\\src\\Concerns\\RoutesRequests.php(416): Laravel\\Lumen\\Application->Laravel\\Lumen\\Concerns\\{closure}(Object(Laravel\\Lumen\\Http\\Request))
#16 C:\\xampp\\htdocs\\sekolahAPI\\vendor\\laravel\\lumen-framework\\src\\Concerns\\RoutesRequests.php(171): Laravel\\Lumen\\Application->sendThroughPipeline(Array, Object(Closure))
#17 C:\\xampp\\htdocs\\sekolahAPI\\vendor\\laravel\\lumen-framework\\src\\Concerns\\RoutesRequests.php(108): Laravel\\Lumen\\Application->dispatch(NULL)
#18 C:\\xampp\\htdocs\\sekolahAPI\\public\\index.php(28): Laravel\\Lumen\\Application->run()
#19 {main}
"} 
[2019-03-14 15:11:23] local.ERROR: PDOException: SQLSTATE[HY000]: General error: 1364 Field 'nama_lengkap' doesn't have a default value in C:\xampp\htdocs\sekolahAPI\vendor\illuminate\database\Connection.php:458
Stack trace:
#0 C:\xampp\htdocs\sekolahAPI\vendor\illuminate\database\Connection.php(458): PDOStatement->execute()
#1 C:\xampp\htdocs\sekolahAPI\vendor\illuminate\database\Connection.php(657): Illuminate\Database\Connection->Illuminate\Database\{closure}('insert into `t_...', Array)
#2 C:\xampp\htdocs\sekolahAPI\vendor\illuminate\database\Connection.php(624): Illuminate\Database\Connection->runQueryCallback('insert into `t_...', Array, Object(Closure))
#3 C:\xampp\htdocs\sekolahAPI\vendor\illuminate\database\Connection.php(459): Illuminate\Database\Connection->run('insert into `t_...', Array, Object(Closure))
#4 C:\xampp\htdocs\sekolahAPI\vendor\illuminate\database\Connection.php(411): Illuminate\Database\Connection->statement('insert into `t_...', Array)
#5 C:\xampp\htdocs\sekolahAPI\vendor\illuminate\database\Query\Processors\Processor.php(32): Illuminate\Database\Connection->insert('insert into `t_...', Array)
#6 C:\xampp\htdocs\sekolahAPI\vendor\illuminate\database\Query\Builder.php(2633): Illuminate\Database\Query\Processors\Processor->processInsertGetId(Object(Illuminate\Database\Query\Builder), 'insert into `t_...', Array, 'id')
#7 C:\xampp\htdocs\sekolahAPI\vendor\illuminate\database\Eloquent\Builder.php(1347): Illuminate\Database\Query\Builder->insertGetId(Array, 'id')
#8 C:\xampp\htdocs\sekolahAPI\vendor\illuminate\database\Eloquent\Model.php(835): Illuminate\Database\Eloquent\Builder->__call('insertGetId', Array)
#9 C:\xampp\htdocs\sekolahAPI\vendor\illuminate\database\Eloquent\Model.php(800): Illuminate\Database\Eloquent\Model->insertAndSetId(Object(Illuminate\Database\Eloquent\Builder), Array)
#10 C:\xampp\htdocs\sekolahAPI\vendor\illuminate\database\Eloquent\Model.php(663): Illuminate\Database\Eloquent\Model->performInsert(Object(Illuminate\Database\Eloquent\Builder))
#11 C:\xampp\htdocs\sekolahAPI\vendor\illuminate\database\Eloquent\Builder.php(793): Illuminate\Database\Eloquent\Model->save()
#12 C:\xampp\htdocs\sekolahAPI\vendor\illuminate\support\helpers.php(1122): Illuminate\Database\Eloquent\Builder->Illuminate\Database\Eloquent\{closure}(Object(App\Siswa))
#13 C:\xampp\htdocs\sekolahAPI\vendor\illuminate\database\Eloquent\Builder.php(794): tap(Object(App\Siswa), Object(Closure))
#14 C:\xampp\htdocs\sekolahAPI\vendor\illuminate\support\Traits\ForwardsCalls.php(23): Illuminate\Database\Eloquent\Builder->create(Array)
#15 C:\xampp\htdocs\sekolahAPI\vendor\illuminate\database\Eloquent\Model.php(1614): Illuminate\Database\Eloquent\Model->forwardCallTo(Object(Illuminate\Database\Eloquent\Builder), 'create', Array)
#16 C:\xampp\htdocs\sekolahAPI\vendor\illuminate\database\Eloquent\Model.php(1626): Illuminate\Database\Eloquent\Model->__call('create', Array)
#17 C:\xampp\htdocs\sekolahAPI\app\Http\Controllers\SiswaController.php(26): Illuminate\Database\Eloquent\Model::__callStatic('create', Array)
#18 [internal function]: App\Http\Controllers\SiswaController->create(Object(Laravel\Lumen\Http\Request))
#19 C:\xampp\htdocs\sekolahAPI\vendor\illuminate\container\BoundMethod.php(32): call_user_func_array(Array, Array)
#20 C:\xampp\htdocs\sekolahAPI\vendor\illuminate\container\BoundMethod.php(90): Illuminate\Container\BoundMethod::Illuminate\Container\{closure}()
#21 C:\xampp\htdocs\sekolahAPI\vendor\illuminate\container\BoundMethod.php(34): Illuminate\Container\BoundMethod::callBoundMethod(Object(Laravel\Lumen\Application), Array, Object(Closure))
#22 C:\xampp\htdocs\sekolahAPI\vendor\illuminate\container\Container.php(580): Illuminate\Container\BoundMethod::call(Object(Laravel\Lumen\Application), Array, Array, NULL)
#23 C:\xampp\htdocs\sekolahAPI\vendor\laravel\lumen-framework\src\Concerns\RoutesRequests.php(376): Illuminate\Container\Container->call(Array, Array)
#24 C:\xampp\htdocs\sekolahAPI\vendor\laravel\lumen-framework\src\Concerns\RoutesRequests.php(342): Laravel\Lumen\Application->callControllerCallable(Array, Array)
#25 C:\xampp\htdocs\sekolahAPI\vendor\laravel\lumen-framework\src\Concerns\RoutesRequests.php(316): Laravel\Lumen\Application->callLumenController(Object(App\Http\Controllers\SiswaController), 'create', Array)
#26 C:\xampp\htdocs\sekolahAPI\vendor\laravel\lumen-framework\src\Concerns\RoutesRequests.php(278): Laravel\Lumen\Application->callControllerAction(Array)
#27 C:\xampp\htdocs\sekolahAPI\vendor\laravel\lumen-framework\src\Concerns\RoutesRequests.php(263): Laravel\Lumen\Application->callActionOnArrayBasedRoute(Array)
#28 C:\xampp\htdocs\sekolahAPI\vendor\laravel\lumen-framework\src\Concerns\RoutesRequests.php(165): Laravel\Lumen\Application->handleFoundRoute(Array)
#29 C:\xampp\htdocs\sekolahAPI\vendor\laravel\lumen-framework\src\Concerns\RoutesRequests.php(416): Laravel\Lumen\Application->Laravel\Lumen\Concerns\{closure}(Object(Laravel\Lumen\Http\Request))
#30 C:\xampp\htdocs\sekolahAPI\vendor\laravel\lumen-framework\src\Concerns\RoutesRequests.php(171): Laravel\Lumen\Application->sendThroughPipeline(Array, Object(Closure))
#31 C:\xampp\htdocs\sekolahAPI\vendor\laravel\lumen-framework\src\Concerns\RoutesRequests.php(108): Laravel\Lumen\Application->dispatch(NULL)
#32 C:\xampp\htdocs\sekolahAPI\public\index.php(28): Laravel\Lumen\Application->run()
#33 {main}

Next Illuminate\Database\QueryException: SQLSTATE[HY000]: General error: 1364 Field 'nama_lengkap' doesn't have a default value (SQL: insert into `t_siswa` (`nis`, `jenis_kelamin`, `alamat`, `updated_at`, `created_at`) values (1617116694, L,  Komp. BojongsoangAsri Blok. G.10, 2019-03-14 15:11:18, 2019-03-14 15:11:18)) in C:\xampp\htdocs\sekolahAPI\vendor\illuminate\database\Connection.php:664
Stack trace:
#0 C:\xampp\htdocs\sekolahAPI\vendor\illuminate\database\Connection.php(624): Illuminate\Database\Connection->runQueryCallback('insert into `t_...', Array, Object(Closure))
#1 C:\xampp\htdocs\sekolahAPI\vendor\illuminate\database\Connection.php(459): Illuminate\Database\Connection->run('insert into `t_...', Array, Object(Closure))
#2 C:\xampp\htdocs\sekolahAPI\vendor\illuminate\database\Connection.php(411): Illuminate\Database\Connection->statement('insert into `t_...', Array)
#3 C:\xampp\htdocs\sekolahAPI\vendor\illuminate\database\Query\Processors\Processor.php(32): Illuminate\Database\Connection->insert('insert into `t_...', Array)
#4 C:\xampp\htdocs\sekolahAPI\vendor\illuminate\database\Query\Builder.php(2633): Illuminate\Database\Query\Processors\Processor->processInsertGetId(Object(Illuminate\Database\Query\Builder), 'insert into `t_...', Array, 'id')
#5 C:\xampp\htdocs\sekolahAPI\vendor\illuminate\database\Eloquent\Builder.php(1347): Illuminate\Database\Query\Builder->insertGetId(Array, 'id')
#6 C:\xampp\htdocs\sekolahAPI\vendor\illuminate\database\Eloquent\Model.php(835): Illuminate\Database\Eloquent\Builder->__call('insertGetId', Array)
#7 C:\xampp\htdocs\sekolahAPI\vendor\illuminate\database\Eloquent\Model.php(800): Illuminate\Database\Eloquent\Model->insertAndSetId(Object(Illuminate\Database\Eloquent\Builder), Array)
#8 C:\xampp\htdocs\sekolahAPI\vendor\illuminate\database\Eloquent\Model.php(663): Illuminate\Database\Eloquent\Model->performInsert(Object(Illuminate\Database\Eloquent\Builder))
#9 C:\xampp\htdocs\sekolahAPI\vendor\illuminate\database\Eloquent\Builder.php(793): Illuminate\Database\Eloquent\Model->save()
#10 C:\xampp\htdocs\sekolahAPI\vendor\illuminate\support\helpers.php(1122): Illuminate\Database\Eloquent\Builder->Illuminate\Database\Eloquent\{closure}(Object(App\Siswa))
#11 C:\xampp\htdocs\sekolahAPI\vendor\illuminate\database\Eloquent\Builder.php(794): tap(Object(App\Siswa), Object(Closure))
#12 C:\xampp\htdocs\sekolahAPI\vendor\illuminate\support\Traits\ForwardsCalls.php(23): Illuminate\Database\Eloquent\Builder->create(Array)
#13 C:\xampp\htdocs\sekolahAPI\vendor\illuminate\database\Eloquent\Model.php(1614): Illuminate\Database\Eloquent\Model->forwardCallTo(Object(Illuminate\Database\Eloquent\Builder), 'create', Array)
#14 C:\xampp\htdocs\sekolahAPI\vendor\illuminate\database\Eloquent\Model.php(1626): Illuminate\Database\Eloquent\Model->__call('create', Array)
#15 C:\xampp\htdocs\sekolahAPI\app\Http\Controllers\SiswaController.php(26): Illuminate\Database\Eloquent\Model::__callStatic('create', Array)
#16 [internal function]: App\Http\Controllers\SiswaController->create(Object(Laravel\Lumen\Http\Request))
#17 C:\xampp\htdocs\sekolahAPI\vendor\illuminate\container\BoundMethod.php(32): call_user_func_array(Array, Array)
#18 C:\xampp\htdocs\sekolahAPI\vendor\illuminate\container\BoundMethod.php(90): Illuminate\Container\BoundMethod::Illuminate\Container\{closure}()
#19 C:\xampp\htdocs\sekolahAPI\vendor\illuminate\container\BoundMethod.php(34): Illuminate\Container\BoundMethod::callBoundMethod(Object(Laravel\Lumen\Application), Array, Object(Closure))
#20 C:\xampp\htdocs\sekolahAPI\vendor\illuminate\container\Container.php(580): Illuminate\Container\BoundMethod::call(Object(Laravel\Lumen\Application), Array, Array, NULL)
#21 C:\xampp\htdocs\sekolahAPI\vendor\laravel\lumen-framework\src\Concerns\RoutesRequests.php(376): Illuminate\Container\Container->call(Array, Array)
#22 C:\xampp\htdocs\sekolahAPI\vendor\laravel\lumen-framework\src\Concerns\RoutesRequests.php(342): Laravel\Lumen\Application->callControllerCallable(Array, Array)
#23 C:\xampp\htdocs\sekolahAPI\vendor\laravel\lumen-framework\src\Concerns\RoutesRequests.php(316): Laravel\Lumen\Application->callLumenController(Object(App\Http\Controllers\SiswaController), 'create', Array)
#24 C:\xampp\htdocs\sekolahAPI\vendor\laravel\lumen-framework\src\Concerns\RoutesRequests.php(278): Laravel\Lumen\Application->callControllerAction(Array)
#25 C:\xampp\htdocs\sekolahAPI\vendor\laravel\lumen-framework\src\Concerns\RoutesRequests.php(263): Laravel\Lumen\Application->callActionOnArrayBasedRoute(Array)
#26 C:\xampp\htdocs\sekolahAPI\vendor\laravel\lumen-framework\src\Concerns\RoutesRequests.php(165): Laravel\Lumen\Application->handleFoundRoute(Array)
#27 C:\xampp\htdocs\sekolahAPI\vendor\laravel\lumen-framework\src\Concerns\RoutesRequests.php(416): Laravel\Lumen\Application->Laravel\Lumen\Concerns\{closure}(Object(Laravel\Lumen\Http\Request))
#28 C:\xampp\htdocs\sekolahAPI\vendor\laravel\lumen-framework\src\Concerns\RoutesRequests.php(171): Laravel\Lumen\Application->sendThroughPipeline(Array, Object(Closure))
#29 C:\xampp\htdocs\sekolahAPI\vendor\laravel\lumen-framework\src\Concerns\RoutesRequests.php(108): Laravel\Lumen\Application->dispatch(NULL)
#30 C:\xampp\htdocs\sekolahAPI\public\index.php(28): Laravel\Lumen\Application->run()
#31 {main} {"exception":"[object] (Illuminate\\Database\\QueryException(code: HY000): SQLSTATE[HY000]: General error: 1364 Field 'nama_lengkap' doesn't have a default value (SQL: insert into `t_siswa` (`nis`, `jenis_kelamin`, `alamat`, `updated_at`, `created_at`) values (1617116694, L,  Komp. BojongsoangAsri Blok. G.10, 2019-03-14 15:11:18, 2019-03-14 15:11:18)) at C:\\xampp\\htdocs\\sekolahAPI\\vendor\\illuminate\\database\\Connection.php:664, PDOException(code: HY000): SQLSTATE[HY000]: General error: 1364 Field 'nama_lengkap' doesn't have a default value at C:\\xampp\\htdocs\\sekolahAPI\\vendor\\illuminate\\database\\Connection.php:458)
[stacktrace]
#0 C:\\xampp\\htdocs\\sekolahAPI\\vendor\\illuminate\\database\\Connection.php(624): Illuminate\\Database\\Connection->runQueryCallback('insert into `t_...', Array, Object(Closure))
#1 C:\\xampp\\htdocs\\sekolahAPI\\vendor\\illuminate\\database\\Connection.php(459): Illuminate\\Database\\Connection->run('insert into `t_...', Array, Object(Closure))
#2 C:\\xampp\\htdocs\\sekolahAPI\\vendor\\illuminate\\database\\Connection.php(411): Illuminate\\Database\\Connection->statement('insert into `t_...', Array)
#3 C:\\xampp\\htdocs\\sekolahAPI\\vendor\\illuminate\\database\\Query\\Processors\\Processor.php(32): Illuminate\\Database\\Connection->insert('insert into `t_...', Array)
#4 C:\\xampp\\htdocs\\sekolahAPI\\vendor\\illuminate\\database\\Query\\Builder.php(2633): Illuminate\\Database\\Query\\Processors\\Processor->processInsertGetId(Object(Illuminate\\Database\\Query\\Builder), 'insert into `t_...', Array, 'id')
#5 C:\\xampp\\htdocs\\sekolahAPI\\vendor\\illuminate\\database\\Eloquent\\Builder.php(1347): Illuminate\\Database\\Query\\Builder->insertGetId(Array, 'id')
#6 C:\\xampp\\htdocs\\sekolahAPI\\vendor\\illuminate\\database\\Eloquent\\Model.php(835): Illuminate\\Database\\Eloquent\\Builder->__call('insertGetId', Array)
#7 C:\\xampp\\htdocs\\sekolahAPI\\vendor\\illuminate\\database\\Eloquent\\Model.php(800): Illuminate\\Database\\Eloquent\\Model->insertAndSetId(Object(Illuminate\\Database\\Eloquent\\Builder), Array)
#8 C:\\xampp\\htdocs\\sekolahAPI\\vendor\\illuminate\\database\\Eloquent\\Model.php(663): Illuminate\\Database\\Eloquent\\Model->performInsert(Object(Illuminate\\Database\\Eloquent\\Builder))
#9 C:\\xampp\\htdocs\\sekolahAPI\\vendor\\illuminate\\database\\Eloquent\\Builder.php(793): Illuminate\\Database\\Eloquent\\Model->save()
#10 C:\\xampp\\htdocs\\sekolahAPI\\vendor\\illuminate\\support\\helpers.php(1122): Illuminate\\Database\\Eloquent\\Builder->Illuminate\\Database\\Eloquent\\{closure}(Object(App\\Siswa))
#11 C:\\xampp\\htdocs\\sekolahAPI\\vendor\\illuminate\\database\\Eloquent\\Builder.php(794): tap(Object(App\\Siswa), Object(Closure))
#12 C:\\xampp\\htdocs\\sekolahAPI\\vendor\\illuminate\\support\\Traits\\ForwardsCalls.php(23): Illuminate\\Database\\Eloquent\\Builder->create(Array)
#13 C:\\xampp\\htdocs\\sekolahAPI\\vendor\\illuminate\\database\\Eloquent\\Model.php(1614): Illuminate\\Database\\Eloquent\\Model->forwardCallTo(Object(Illuminate\\Database\\Eloquent\\Builder), 'create', Array)
#14 C:\\xampp\\htdocs\\sekolahAPI\\vendor\\illuminate\\database\\Eloquent\\Model.php(1626): Illuminate\\Database\\Eloquent\\Model->__call('create', Array)
#15 C:\\xampp\\htdocs\\sekolahAPI\\app\\Http\\Controllers\\SiswaController.php(26): Illuminate\\Database\\Eloquent\\Model::__callStatic('create', Array)
#16 [internal function]: App\\Http\\Controllers\\SiswaController->create(Object(Laravel\\Lumen\\Http\\Request))
#17 C:\\xampp\\htdocs\\sekolahAPI\\vendor\\illuminate\\container\\BoundMethod.php(32): call_user_func_array(Array, Array)
#18 C:\\xampp\\htdocs\\sekolahAPI\\vendor\\illuminate\\container\\BoundMethod.php(90): Illuminate\\Container\\BoundMethod::Illuminate\\Container\\{closure}()
#19 C:\\xampp\\htdocs\\sekolahAPI\\vendor\\illuminate\\container\\BoundMethod.php(34): Illuminate\\Container\\BoundMethod::callBoundMethod(Object(Laravel\\Lumen\\Application), Array, Object(Closure))
#20 C:\\xampp\\htdocs\\sekolahAPI\\vendor\\illuminate\\container\\Container.php(580): Illuminate\\Container\\BoundMethod::call(Object(Laravel\\Lumen\\Application), Array, Array, NULL)
#21 C:\\xampp\\htdocs\\sekolahAPI\\vendor\\laravel\\lumen-framework\\src\\Concerns\\RoutesRequests.php(376): Illuminate\\Container\\Container->call(Array, Array)
#22 C:\\xampp\\htdocs\\sekolahAPI\\vendor\\laravel\\lumen-framework\\src\\Concerns\\RoutesRequests.php(342): Laravel\\Lumen\\Application->callControllerCallable(Array, Array)
#23 C:\\xampp\\htdocs\\sekolahAPI\\vendor\\laravel\\lumen-framework\\src\\Concerns\\RoutesRequests.php(316): Laravel\\Lumen\\Application->callLumenController(Object(App\\Http\\Controllers\\SiswaController), 'create', Array)
#24 C:\\xampp\\htdocs\\sekolahAPI\\vendor\\laravel\\lumen-framework\\src\\Concerns\\RoutesRequests.php(278): Laravel\\Lumen\\Application->callControllerAction(Array)
#25 C:\\xampp\\htdocs\\sekolahAPI\\vendor\\laravel\\lumen-framework\\src\\Concerns\\RoutesRequests.php(263): Laravel\\Lumen\\Application->callActionOnArrayBasedRoute(Array)
#26 C:\\xampp\\htdocs\\sekolahAPI\\vendor\\laravel\\lumen-framework\\src\\Concerns\\RoutesRequests.php(165): Laravel\\Lumen\\Application->handleFoundRoute(Array)
#27 C:\\xampp\\htdocs\\sekolahAPI\\vendor\\laravel\\lumen-framework\\src\\Concerns\\RoutesRequests.php(416): Laravel\\Lumen\\Application->Laravel\\Lumen\\Concerns\\{closure}(Object(Laravel\\Lumen\\Http\\Request))
#28 C:\\xampp\\htdocs\\sekolahAPI\\vendor\\laravel\\lumen-framework\\src\\Concerns\\RoutesRequests.php(171): Laravel\\Lumen\\Application->sendThroughPipeline(Array, Object(Closure))
#29 C:\\xampp\\htdocs\\sekolahAPI\\vendor\\laravel\\lumen-framework\\src\\Concerns\\RoutesRequests.php(108): Laravel\\Lumen\\Application->dispatch(NULL)
#30 C:\\xampp\\htdocs\\sekolahAPI\\public\\index.php(28): Laravel\\Lumen\\Application->run()
#31 {main}
"} 
[2019-03-14 15:17:31] local.ERROR: PDOException: SQLSTATE[HY000]: General error: 1364 Field 'nama_lengkap' doesn't have a default value in C:\xampp\htdocs\sekolahAPI\vendor\illuminate\database\Connection.php:458
Stack trace:
#0 C:\xampp\htdocs\sekolahAPI\vendor\illuminate\database\Connection.php(458): PDOStatement->execute()
#1 C:\xampp\htdocs\sekolahAPI\vendor\illuminate\database\Connection.php(657): Illuminate\Database\Connection->Illuminate\Database\{closure}('insert into `t_...', Array)
#2 C:\xampp\htdocs\sekolahAPI\vendor\illuminate\database\Connection.php(624): Illuminate\Database\Connection->runQueryCallback('insert into `t_...', Array, Object(Closure))
#3 C:\xampp\htdocs\sekolahAPI\vendor\illuminate\database\Connection.php(459): Illuminate\Database\Connection->run('insert into `t_...', Array, Object(Closure))
#4 C:\xampp\htdocs\sekolahAPI\vendor\illuminate\database\Connection.php(411): Illuminate\Database\Connection->statement('insert into `t_...', Array)
#5 C:\xampp\htdocs\sekolahAPI\vendor\illuminate\database\Query\Processors\Processor.php(32): Illuminate\Database\Connection->insert('insert into `t_...', Array)
#6 C:\xampp\htdocs\sekolahAPI\vendor\illuminate\database\Query\Builder.php(2633): Illuminate\Database\Query\Processors\Processor->processInsertGetId(Object(Illuminate\Database\Query\Builder), 'insert into `t_...', Array, 'id')
#7 C:\xampp\htdocs\sekolahAPI\vendor\illuminate\database\Eloquent\Builder.php(1347): Illuminate\Database\Query\Builder->insertGetId(Array, 'id')
#8 C:\xampp\htdocs\sekolahAPI\vendor\illuminate\database\Eloquent\Model.php(835): Illuminate\Database\Eloquent\Builder->__call('insertGetId', Array)
#9 C:\xampp\htdocs\sekolahAPI\vendor\illuminate\database\Eloquent\Model.php(800): Illuminate\Database\Eloquent\Model->insertAndSetId(Object(Illuminate\Database\Eloquent\Builder), Array)
#10 C:\xampp\htdocs\sekolahAPI\vendor\illuminate\database\Eloquent\Model.php(663): Illuminate\Database\Eloquent\Model->performInsert(Object(Illuminate\Database\Eloquent\Builder))
#11 C:\xampp\htdocs\sekolahAPI\vendor\illuminate\database\Eloquent\Builder.php(793): Illuminate\Database\Eloquent\Model->save()
#12 C:\xampp\htdocs\sekolahAPI\vendor\illuminate\support\helpers.php(1122): Illuminate\Database\Eloquent\Builder->Illuminate\Database\Eloquent\{closure}(Object(App\Siswa))
#13 C:\xampp\htdocs\sekolahAPI\vendor\illuminate\database\Eloquent\Builder.php(794): tap(Object(App\Siswa), Object(Closure))
#14 C:\xampp\htdocs\sekolahAPI\vendor\illuminate\support\Traits\ForwardsCalls.php(23): Illuminate\Database\Eloquent\Builder->create(Array)
#15 C:\xampp\htdocs\sekolahAPI\vendor\illuminate\database\Eloquent\Model.php(1614): Illuminate\Database\Eloquent\Model->forwardCallTo(Object(Illuminate\Database\Eloquent\Builder), 'create', Array)
#16 C:\xampp\htdocs\sekolahAPI\vendor\illuminate\database\Eloquent\Model.php(1626): Illuminate\Database\Eloquent\Model->__call('create', Array)
#17 C:\xampp\htdocs\sekolahAPI\app\Http\Controllers\SiswaController.php(26): Illuminate\Database\Eloquent\Model::__callStatic('create', Array)
#18 [internal function]: App\Http\Controllers\SiswaController->create(Object(Laravel\Lumen\Http\Request))
#19 C:\xampp\htdocs\sekolahAPI\vendor\illuminate\container\BoundMethod.php(32): call_user_func_array(Array, Array)
#20 C:\xampp\htdocs\sekolahAPI\vendor\illuminate\container\BoundMethod.php(90): Illuminate\Container\BoundMethod::Illuminate\Container\{closure}()
#21 C:\xampp\htdocs\sekolahAPI\vendor\illuminate\container\BoundMethod.php(34): Illuminate\Container\BoundMethod::callBoundMethod(Object(Laravel\Lumen\Application), Array, Object(Closure))
#22 C:\xampp\htdocs\sekolahAPI\vendor\illuminate\container\Container.php(580): Illuminate\Container\BoundMethod::call(Object(Laravel\Lumen\Application), Array, Array, NULL)
#23 C:\xampp\htdocs\sekolahAPI\vendor\laravel\lumen-framework\src\Concerns\RoutesRequests.php(376): Illuminate\Container\Container->call(Array, Array)
#24 C:\xampp\htdocs\sekolahAPI\vendor\laravel\lumen-framework\src\Concerns\RoutesRequests.php(342): Laravel\Lumen\Application->callControllerCallable(Array, Array)
#25 C:\xampp\htdocs\sekolahAPI\vendor\laravel\lumen-framework\src\Concerns\RoutesRequests.php(316): Laravel\Lumen\Application->callLumenController(Object(App\Http\Controllers\SiswaController), 'create', Array)
#26 C:\xampp\htdocs\sekolahAPI\vendor\laravel\lumen-framework\src\Concerns\RoutesRequests.php(278): Laravel\Lumen\Application->callControllerAction(Array)
#27 C:\xampp\htdocs\sekolahAPI\vendor\laravel\lumen-framework\src\Concerns\RoutesRequests.php(263): Laravel\Lumen\Application->callActionOnArrayBasedRoute(Array)
#28 C:\xampp\htdocs\sekolahAPI\vendor\laravel\lumen-framework\src\Concerns\RoutesRequests.php(165): Laravel\Lumen\Application->handleFoundRoute(Array)
#29 C:\xampp\htdocs\sekolahAPI\vendor\laravel\lumen-framework\src\Concerns\RoutesRequests.php(416): Laravel\Lumen\Application->Laravel\Lumen\Concerns\{closure}(Object(Laravel\Lumen\Http\Request))
#30 C:\xampp\htdocs\sekolahAPI\vendor\laravel\lumen-framework\src\Concerns\RoutesRequests.php(171): Laravel\Lumen\Application->sendThroughPipeline(Array, Object(Closure))
#31 C:\xampp\htdocs\sekolahAPI\vendor\laravel\lumen-framework\src\Concerns\RoutesRequests.php(108): Laravel\Lumen\Application->dispatch(NULL)
#32 C:\xampp\htdocs\sekolahAPI\public\index.php(28): Laravel\Lumen\Application->run()
#33 {main}

Next Illuminate\Database\QueryException: SQLSTATE[HY000]: General error: 1364 Field 'nama_lengkap' doesn't have a default value (SQL: insert into `t_siswa` (`nis`, `jenis_kelamin`, `alamat`, `updated_at`, `created_at`) values (1617116694, L,  Komp. BojongsoangAsri Blok. G.10, 2019-03-14 15:17:31, 2019-03-14 15:17:31)) in C:\xampp\htdocs\sekolahAPI\vendor\illuminate\database\Connection.php:664
Stack trace:
#0 C:\xampp\htdocs\sekolahAPI\vendor\illuminate\database\Connection.php(624): Illuminate\Database\Connection->runQueryCallback('insert into `t_...', Array, Object(Closure))
#1 C:\xampp\htdocs\sekolahAPI\vendor\illuminate\database\Connection.php(459): Illuminate\Database\Connection->run('insert into `t_...', Array, Object(Closure))
#2 C:\xampp\htdocs\sekolahAPI\vendor\illuminate\database\Connection.php(411): Illuminate\Database\Connection->statement('insert into `t_...', Array)
#3 C:\xampp\htdocs\sekolahAPI\vendor\illuminate\database\Query\Processors\Processor.php(32): Illuminate\Database\Connection->insert('insert into `t_...', Array)
#4 C:\xampp\htdocs\sekolahAPI\vendor\illuminate\database\Query\Builder.php(2633): Illuminate\Database\Query\Processors\Processor->processInsertGetId(Object(Illuminate\Database\Query\Builder), 'insert into `t_...', Array, 'id')
#5 C:\xampp\htdocs\sekolahAPI\vendor\illuminate\database\Eloquent\Builder.php(1347): Illuminate\Database\Query\Builder->insertGetId(Array, 'id')
#6 C:\xampp\htdocs\sekolahAPI\vendor\illuminate\database\Eloquent\Model.php(835): Illuminate\Database\Eloquent\Builder->__call('insertGetId', Array)
#7 C:\xampp\htdocs\sekolahAPI\vendor\illuminate\database\Eloquent\Model.php(800): Illuminate\Database\Eloquent\Model->insertAndSetId(Object(Illuminate\Database\Eloquent\Builder), Array)
#8 C:\xampp\htdocs\sekolahAPI\vendor\illuminate\database\Eloquent\Model.php(663): Illuminate\Database\Eloquent\Model->performInsert(Object(Illuminate\Database\Eloquent\Builder))
#9 C:\xampp\htdocs\sekolahAPI\vendor\illuminate\database\Eloquent\Builder.php(793): Illuminate\Database\Eloquent\Model->save()
#10 C:\xampp\htdocs\sekolahAPI\vendor\illuminate\support\helpers.php(1122): Illuminate\Database\Eloquent\Builder->Illuminate\Database\Eloquent\{closure}(Object(App\Siswa))
#11 C:\xampp\htdocs\sekolahAPI\vendor\illuminate\database\Eloquent\Builder.php(794): tap(Object(App\Siswa), Object(Closure))
#12 C:\xampp\htdocs\sekolahAPI\vendor\illuminate\support\Traits\ForwardsCalls.php(23): Illuminate\Database\Eloquent\Builder->create(Array)
#13 C:\xampp\htdocs\sekolahAPI\vendor\illuminate\database\Eloquent\Model.php(1614): Illuminate\Database\Eloquent\Model->forwardCallTo(Object(Illuminate\Database\Eloquent\Builder), 'create', Array)
#14 C:\xampp\htdocs\sekolahAPI\vendor\illuminate\database\Eloquent\Model.php(1626): Illuminate\Database\Eloquent\Model->__call('create', Array)
#15 C:\xampp\htdocs\sekolahAPI\app\Http\Controllers\SiswaController.php(26): Illuminate\Database\Eloquent\Model::__callStatic('create', Array)
#16 [internal function]: App\Http\Controllers\SiswaController->create(Object(Laravel\Lumen\Http\Request))
#17 C:\xampp\htdocs\sekolahAPI\vendor\illuminate\container\BoundMethod.php(32): call_user_func_array(Array, Array)
#18 C:\xampp\htdocs\sekolahAPI\vendor\illuminate\container\BoundMethod.php(90): Illuminate\Container\BoundMethod::Illuminate\Container\{closure}()
#19 C:\xampp\htdocs\sekolahAPI\vendor\illuminate\container\BoundMethod.php(34): Illuminate\Container\BoundMethod::callBoundMethod(Object(Laravel\Lumen\Application), Array, Object(Closure))
#20 C:\xampp\htdocs\sekolahAPI\vendor\illuminate\container\Container.php(580): Illuminate\Container\BoundMethod::call(Object(Laravel\Lumen\Application), Array, Array, NULL)
#21 C:\xampp\htdocs\sekolahAPI\vendor\laravel\lumen-framework\src\Concerns\RoutesRequests.php(376): Illuminate\Container\Container->call(Array, Array)
#22 C:\xampp\htdocs\sekolahAPI\vendor\laravel\lumen-framework\src\Concerns\RoutesRequests.php(342): Laravel\Lumen\Application->callControllerCallable(Array, Array)
#23 C:\xampp\htdocs\sekolahAPI\vendor\laravel\lumen-framework\src\Concerns\RoutesRequests.php(316): Laravel\Lumen\Application->callLumenController(Object(App\Http\Controllers\SiswaController), 'create', Array)
#24 C:\xampp\htdocs\sekolahAPI\vendor\laravel\lumen-framework\src\Concerns\RoutesRequests.php(278): Laravel\Lumen\Application->callControllerAction(Array)
#25 C:\xampp\htdocs\sekolahAPI\vendor\laravel\lumen-framework\src\Concerns\RoutesRequests.php(263): Laravel\Lumen\Application->callActionOnArrayBasedRoute(Array)
#26 C:\xampp\htdocs\sekolahAPI\vendor\laravel\lumen-framework\src\Concerns\RoutesRequests.php(165): Laravel\Lumen\Application->handleFoundRoute(Array)
#27 C:\xampp\htdocs\sekolahAPI\vendor\laravel\lumen-framework\src\Concerns\RoutesRequests.php(416): Laravel\Lumen\Application->Laravel\Lumen\Concerns\{closure}(Object(Laravel\Lumen\Http\Request))
#28 C:\xampp\htdocs\sekolahAPI\vendor\laravel\lumen-framework\src\Concerns\RoutesRequests.php(171): Laravel\Lumen\Application->sendThroughPipeline(Array, Object(Closure))
#29 C:\xampp\htdocs\sekolahAPI\vendor\laravel\lumen-framework\src\Concerns\RoutesRequests.php(108): Laravel\Lumen\Application->dispatch(NULL)
#30 C:\xampp\htdocs\sekolahAPI\public\index.php(28): Laravel\Lumen\Application->run()
#31 {main} {"exception":"[object] (Illuminate\\Database\\QueryException(code: HY000): SQLSTATE[HY000]: General error: 1364 Field 'nama_lengkap' doesn't have a default value (SQL: insert into `t_siswa` (`nis`, `jenis_kelamin`, `alamat`, `updated_at`, `created_at`) values (1617116694, L,  Komp. BojongsoangAsri Blok. G.10, 2019-03-14 15:17:31, 2019-03-14 15:17:31)) at C:\\xampp\\htdocs\\sekolahAPI\\vendor\\illuminate\\database\\Connection.php:664, PDOException(code: HY000): SQLSTATE[HY000]: General error: 1364 Field 'nama_lengkap' doesn't have a default value at C:\\xampp\\htdocs\\sekolahAPI\\vendor\\illuminate\\database\\Connection.php:458)
[stacktrace]
#0 C:\\xampp\\htdocs\\sekolahAPI\\vendor\\illuminate\\database\\Connection.php(624): Illuminate\\Database\\Connection->runQueryCallback('insert into `t_...', Array, Object(Closure))
#1 C:\\xampp\\htdocs\\sekolahAPI\\vendor\\illuminate\\database\\Connection.php(459): Illuminate\\Database\\Connection->run('insert into `t_...', Array, Object(Closure))
#2 C:\\xampp\\htdocs\\sekolahAPI\\vendor\\illuminate\\database\\Connection.php(411): Illuminate\\Database\\Connection->statement('insert into `t_...', Array)
#3 C:\\xampp\\htdocs\\sekolahAPI\\vendor\\illuminate\\database\\Query\\Processors\\Processor.php(32): Illuminate\\Database\\Connection->insert('insert into `t_...', Array)
#4 C:\\xampp\\htdocs\\sekolahAPI\\vendor\\illuminate\\database\\Query\\Builder.php(2633): Illuminate\\Database\\Query\\Processors\\Processor->processInsertGetId(Object(Illuminate\\Database\\Query\\Builder), 'insert into `t_...', Array, 'id')
#5 C:\\xampp\\htdocs\\sekolahAPI\\vendor\\illuminate\\database\\Eloquent\\Builder.php(1347): Illuminate\\Database\\Query\\Builder->insertGetId(Array, 'id')
#6 C:\\xampp\\htdocs\\sekolahAPI\\vendor\\illuminate\\database\\Eloquent\\Model.php(835): Illuminate\\Database\\Eloquent\\Builder->__call('insertGetId', Array)
#7 C:\\xampp\\htdocs\\sekolahAPI\\vendor\\illuminate\\database\\Eloquent\\Model.php(800): Illuminate\\Database\\Eloquent\\Model->insertAndSetId(Object(Illuminate\\Database\\Eloquent\\Builder), Array)
#8 C:\\xampp\\htdocs\\sekolahAPI\\vendor\\illuminate\\database\\Eloquent\\Model.php(663): Illuminate\\Database\\Eloquent\\Model->performInsert(Object(Illuminate\\Database\\Eloquent\\Builder))
#9 C:\\xampp\\htdocs\\sekolahAPI\\vendor\\illuminate\\database\\Eloquent\\Builder.php(793): Illuminate\\Database\\Eloquent\\Model->save()
#10 C:\\xampp\\htdocs\\sekolahAPI\\vendor\\illuminate\\support\\helpers.php(1122): Illuminate\\Database\\Eloquent\\Builder->Illuminate\\Database\\Eloquent\\{closure}(Object(App\\Siswa))
#11 C:\\xampp\\htdocs\\sekolahAPI\\vendor\\illuminate\\database\\Eloquent\\Builder.php(794): tap(Object(App\\Siswa), Object(Closure))
#12 C:\\xampp\\htdocs\\sekolahAPI\\vendor\\illuminate\\support\\Traits\\ForwardsCalls.php(23): Illuminate\\Database\\Eloquent\\Builder->create(Array)
#13 C:\\xampp\\htdocs\\sekolahAPI\\vendor\\illuminate\\database\\Eloquent\\Model.php(1614): Illuminate\\Database\\Eloquent\\Model->forwardCallTo(Object(Illuminate\\Database\\Eloquent\\Builder), 'create', Array)
#14 C:\\xampp\\htdocs\\sekolahAPI\\vendor\\illuminate\\database\\Eloquent\\Model.php(1626): Illuminate\\Database\\Eloquent\\Model->__call('create', Array)
#15 C:\\xampp\\htdocs\\sekolahAPI\\app\\Http\\Controllers\\SiswaController.php(26): Illuminate\\Database\\Eloquent\\Model::__callStatic('create', Array)
#16 [internal function]: App\\Http\\Controllers\\SiswaController->create(Object(Laravel\\Lumen\\Http\\Request))
#17 C:\\xampp\\htdocs\\sekolahAPI\\vendor\\illuminate\\container\\BoundMethod.php(32): call_user_func_array(Array, Array)
#18 C:\\xampp\\htdocs\\sekolahAPI\\vendor\\illuminate\\container\\BoundMethod.php(90): Illuminate\\Container\\BoundMethod::Illuminate\\Container\\{closure}()
#19 C:\\xampp\\htdocs\\sekolahAPI\\vendor\\illuminate\\container\\BoundMethod.php(34): Illuminate\\Container\\BoundMethod::callBoundMethod(Object(Laravel\\Lumen\\Application), Array, Object(Closure))
#20 C:\\xampp\\htdocs\\sekolahAPI\\vendor\\illuminate\\container\\Container.php(580): Illuminate\\Container\\BoundMethod::call(Object(Laravel\\Lumen\\Application), Array, Array, NULL)
#21 C:\\xampp\\htdocs\\sekolahAPI\\vendor\\laravel\\lumen-framework\\src\\Concerns\\RoutesRequests.php(376): Illuminate\\Container\\Container->call(Array, Array)
#22 C:\\xampp\\htdocs\\sekolahAPI\\vendor\\laravel\\lumen-framework\\src\\Concerns\\RoutesRequests.php(342): Laravel\\Lumen\\Application->callControllerCallable(Array, Array)
#23 C:\\xampp\\htdocs\\sekolahAPI\\vendor\\laravel\\lumen-framework\\src\\Concerns\\RoutesRequests.php(316): Laravel\\Lumen\\Application->callLumenController(Object(App\\Http\\Controllers\\SiswaController), 'create', Array)
#24 C:\\xampp\\htdocs\\sekolahAPI\\vendor\\laravel\\lumen-framework\\src\\Concerns\\RoutesRequests.php(278): Laravel\\Lumen\\Application->callControllerAction(Array)
#25 C:\\xampp\\htdocs\\sekolahAPI\\vendor\\laravel\\lumen-framework\\src\\Concerns\\RoutesRequests.php(263): Laravel\\Lumen\\Application->callActionOnArrayBasedRoute(Array)
#26 C:\\xampp\\htdocs\\sekolahAPI\\vendor\\laravel\\lumen-framework\\src\\Concerns\\RoutesRequests.php(165): Laravel\\Lumen\\Application->handleFoundRoute(Array)
#27 C:\\xampp\\htdocs\\sekolahAPI\\vendor\\laravel\\lumen-framework\\src\\Concerns\\RoutesRequests.php(416): Laravel\\Lumen\\Application->Laravel\\Lumen\\Concerns\\{closure}(Object(Laravel\\Lumen\\Http\\Request))
#28 C:\\xampp\\htdocs\\sekolahAPI\\vendor\\laravel\\lumen-framework\\src\\Concerns\\RoutesRequests.php(171): Laravel\\Lumen\\Application->sendThroughPipeline(Array, Object(Closure))
#29 C:\\xampp\\htdocs\\sekolahAPI\\vendor\\laravel\\lumen-framework\\src\\Concerns\\RoutesRequests.php(108): Laravel\\Lumen\\Application->dispatch(NULL)
#30 C:\\xampp\\htdocs\\sekolahAPI\\public\\index.php(28): Laravel\\Lumen\\Application->run()
#31 {main}
"} 
[2019-03-14 15:36:11] local.ERROR: ErrorException: Undefined variable: result in C:\xampp\htdocs\sekolahAPI\app\Http\Controllers\SiswaController.php:77
Stack trace:
#0 C:\xampp\htdocs\sekolahAPI\app\Http\Controllers\SiswaController.php(77): Laravel\Lumen\Application->Laravel\Lumen\Concerns\{closure}(8, 'Undefined varia...', 'C:\\xampp\\htdocs...', 77, Array)
#1 [internal function]: App\Http\Controllers\SiswaController->update(Object(Laravel\Lumen\Http\Request), '1')
#2 C:\xampp\htdocs\sekolahAPI\vendor\illuminate\container\BoundMethod.php(32): call_user_func_array(Array, Array)
#3 C:\xampp\htdocs\sekolahAPI\vendor\illuminate\container\BoundMethod.php(90): Illuminate\Container\BoundMethod::Illuminate\Container\{closure}()
#4 C:\xampp\htdocs\sekolahAPI\vendor\illuminate\container\BoundMethod.php(34): Illuminate\Container\BoundMethod::callBoundMethod(Object(Laravel\Lumen\Application), Array, Object(Closure))
#5 C:\xampp\htdocs\sekolahAPI\vendor\illuminate\container\Container.php(580): Illuminate\Container\BoundMethod::call(Object(Laravel\Lumen\Application), Array, Array, NULL)
#6 C:\xampp\htdocs\sekolahAPI\vendor\laravel\lumen-framework\src\Concerns\RoutesRequests.php(376): Illuminate\Container\Container->call(Array, Array)
#7 C:\xampp\htdocs\sekolahAPI\vendor\laravel\lumen-framework\src\Concerns\RoutesRequests.php(342): Laravel\Lumen\Application->callControllerCallable(Array, Array)
#8 C:\xampp\htdocs\sekolahAPI\vendor\laravel\lumen-framework\src\Concerns\RoutesRequests.php(316): Laravel\Lumen\Application->callLumenController(Object(App\Http\Controllers\SiswaController), 'update', Array)
#9 C:\xampp\htdocs\sekolahAPI\vendor\laravel\lumen-framework\src\Concerns\RoutesRequests.php(278): Laravel\Lumen\Application->callControllerAction(Array)
#10 C:\xampp\htdocs\sekolahAPI\vendor\laravel\lumen-framework\src\Concerns\RoutesRequests.php(263): Laravel\Lumen\Application->callActionOnArrayBasedRoute(Array)
#11 C:\xampp\htdocs\sekolahAPI\vendor\laravel\lumen-framework\src\Concerns\RoutesRequests.php(233): Laravel\Lumen\Application->handleFoundRoute(Array)
#12 C:\xampp\htdocs\sekolahAPI\vendor\laravel\lumen-framework\src\Concerns\RoutesRequests.php(169): Laravel\Lumen\Application->handleDispatcherResponse(Array)
#13 C:\xampp\htdocs\sekolahAPI\vendor\laravel\lumen-framework\src\Concerns\RoutesRequests.php(416): Laravel\Lumen\Application->Laravel\Lumen\Concerns\{closure}(Object(Laravel\Lumen\Http\Request))
#14 C:\xampp\htdocs\sekolahAPI\vendor\laravel\lumen-framework\src\Concerns\RoutesRequests.php(171): Laravel\Lumen\Application->sendThroughPipeline(Array, Object(Closure))
#15 C:\xampp\htdocs\sekolahAPI\vendor\laravel\lumen-framework\src\Concerns\RoutesRequests.php(108): Laravel\Lumen\Application->dispatch(NULL)
#16 C:\xampp\htdocs\sekolahAPI\public\index.php(28): Laravel\Lumen\Application->run()
#17 {main} {"exception":"[object] (ErrorException(code: 0): Undefined variable: result at C:\\xampp\\htdocs\\sekolahAPI\\app\\Http\\Controllers\\SiswaController.php:77)
[stacktrace]
#0 C:\\xampp\\htdocs\\sekolahAPI\\app\\Http\\Controllers\\SiswaController.php(77): Laravel\\Lumen\\Application->Laravel\\Lumen\\Concerns\\{closure}(8, 'Undefined varia...', 'C:\\\\xampp\\\\htdocs...', 77, Array)
#1 [internal function]: App\\Http\\Controllers\\SiswaController->update(Object(Laravel\\Lumen\\Http\\Request), '1')
#2 C:\\xampp\\htdocs\\sekolahAPI\\vendor\\illuminate\\container\\BoundMethod.php(32): call_user_func_array(Array, Array)
#3 C:\\xampp\\htdocs\\sekolahAPI\\vendor\\illuminate\\container\\BoundMethod.php(90): Illuminate\\Container\\BoundMethod::Illuminate\\Container\\{closure}()
#4 C:\\xampp\\htdocs\\sekolahAPI\\vendor\\illuminate\\container\\BoundMethod.php(34): Illuminate\\Container\\BoundMethod::callBoundMethod(Object(Laravel\\Lumen\\Application), Array, Object(Closure))
#5 C:\\xampp\\htdocs\\sekolahAPI\\vendor\\illuminate\\container\\Container.php(580): Illuminate\\Container\\BoundMethod::call(Object(Laravel\\Lumen\\Application), Array, Array, NULL)
#6 C:\\xampp\\htdocs\\sekolahAPI\\vendor\\laravel\\lumen-framework\\src\\Concerns\\RoutesRequests.php(376): Illuminate\\Container\\Container->call(Array, Array)
#7 C:\\xampp\\htdocs\\sekolahAPI\\vendor\\laravel\\lumen-framework\\src\\Concerns\\RoutesRequests.php(342): Laravel\\Lumen\\Application->callControllerCallable(Array, Array)
#8 C:\\xampp\\htdocs\\sekolahAPI\\vendor\\laravel\\lumen-framework\\src\\Concerns\\RoutesRequests.php(316): Laravel\\Lumen\\Application->callLumenController(Object(App\\Http\\Controllers\\SiswaController), 'update', Array)
#9 C:\\xampp\\htdocs\\sekolahAPI\\vendor\\laravel\\lumen-framework\\src\\Concerns\\RoutesRequests.php(278): Laravel\\Lumen\\Application->callControllerAction(Array)
#10 C:\\xampp\\htdocs\\sekolahAPI\\vendor\\laravel\\lumen-framework\\src\\Concerns\\RoutesRequests.php(263): Laravel\\Lumen\\Application->callActionOnArrayBasedRoute(Array)
#11 C:\\xampp\\htdocs\\sekolahAPI\\vendor\\laravel\\lumen-framework\\src\\Concerns\\RoutesRequests.php(233): Laravel\\Lumen\\Application->handleFoundRoute(Array)
#12 C:\\xampp\\htdocs\\sekolahAPI\\vendor\\laravel\\lumen-framework\\src\\Concerns\\RoutesRequests.php(169): Laravel\\Lumen\\Application->handleDispatcherResponse(Array)
#13 C:\\xampp\\htdocs\\sekolahAPI\\vendor\\laravel\\lumen-framework\\src\\Concerns\\RoutesRequests.php(416): Laravel\\Lumen\\Application->Laravel\\Lumen\\Concerns\\{closure}(Object(Laravel\\Lumen\\Http\\Request))
#14 C:\\xampp\\htdocs\\sekolahAPI\\vendor\\laravel\\lumen-framework\\src\\Concerns\\RoutesRequests.php(171): Laravel\\Lumen\\Application->sendThroughPipeline(Array, Object(Closure))
#15 C:\\xampp\\htdocs\\sekolahAPI\\vendor\\laravel\\lumen-framework\\src\\Concerns\\RoutesRequests.php(108): Laravel\\Lumen\\Application->dispatch(NULL)
#16 C:\\xampp\\htdocs\\sekolahAPI\\public\\index.php(28): Laravel\\Lumen\\Application->run()
#17 {main}
"} 
[2019-03-14 15:40:06] local.ERROR: Symfony\Component\Debug\Exception\FatalThrowableError: syntax error, unexpected ';', expecting ',' or ')' in C:\xampp\htdocs\sekolahAPI\app\Http\Controllers\SiswaController.php:103
Stack trace:
#0 C:\xampp\htdocs\sekolahAPI\vendor\composer\ClassLoader.php(322): Composer\Autoload\includeFile('C:\\xampp\\htdocs...')
#1 [internal function]: Composer\Autoload\ClassLoader->loadClass('App\\Http\\Contro...')
#2 [internal function]: spl_autoload_call('App\\Http\\Contro...')
#3 C:\xampp\htdocs\sekolahAPI\vendor\illuminate\container\Container.php(794): ReflectionClass->__construct('App\\Http\\Contro...')
#4 C:\xampp\htdocs\sekolahAPI\vendor\illuminate\container\Container.php(671): Illuminate\Container\Container->build('App\\Http\\Contro...')
#5 C:\xampp\htdocs\sekolahAPI\vendor\illuminate\container\Container.php(619): Illuminate\Container\Container->resolve('App\\Http\\Contro...', Array)
#6 C:\xampp\htdocs\sekolahAPI\vendor\laravel\lumen-framework\src\Application.php(260): Illuminate\Container\Container->make('App\\Http\\Contro...', Array)
#7 C:\xampp\htdocs\sekolahAPI\vendor\laravel\lumen-framework\src\Concerns\RoutesRequests.php(311): Laravel\Lumen\Application->make('App\\Http\\Contro...')
#8 C:\xampp\htdocs\sekolahAPI\vendor\laravel\lumen-framework\src\Concerns\RoutesRequests.php(278): Laravel\Lumen\Application->callControllerAction(Array)
#9 C:\xampp\htdocs\sekolahAPI\vendor\laravel\lumen-framework\src\Concerns\RoutesRequests.php(263): Laravel\Lumen\Application->callActionOnArrayBasedRoute(Array)
#10 C:\xampp\htdocs\sekolahAPI\vendor\laravel\lumen-framework\src\Concerns\RoutesRequests.php(233): Laravel\Lumen\Application->handleFoundRoute(Array)
#11 C:\xampp\htdocs\sekolahAPI\vendor\laravel\lumen-framework\src\Concerns\RoutesRequests.php(169): Laravel\Lumen\Application->handleDispatcherResponse(Array)
#12 C:\xampp\htdocs\sekolahAPI\vendor\laravel\lumen-framework\src\Concerns\RoutesRequests.php(416): Laravel\Lumen\Application->Laravel\Lumen\Concerns\{closure}(Object(Laravel\Lumen\Http\Request))
#13 C:\xampp\htdocs\sekolahAPI\vendor\laravel\lumen-framework\src\Concerns\RoutesRequests.php(171): Laravel\Lumen\Application->sendThroughPipeline(Array, Object(Closure))
#14 C:\xampp\htdocs\sekolahAPI\vendor\laravel\lumen-framework\src\Concerns\RoutesRequests.php(108): Laravel\Lumen\Application->dispatch(NULL)
#15 C:\xampp\htdocs\sekolahAPI\public\index.php(28): Laravel\Lumen\Application->run()
#16 {main} {"exception":"[object] (Symfony\\Component\\Debug\\Exception\\FatalThrowableError(code: 0): syntax error, unexpected ';', expecting ',' or ')' at C:\\xampp\\htdocs\\sekolahAPI\\app\\Http\\Controllers\\SiswaController.php:103)
[stacktrace]
#0 C:\\xampp\\htdocs\\sekolahAPI\\vendor\\composer\\ClassLoader.php(322): Composer\\Autoload\\includeFile('C:\\\\xampp\\\\htdocs...')
#1 [internal function]: Composer\\Autoload\\ClassLoader->loadClass('App\\\\Http\\\\Contro...')
#2 [internal function]: spl_autoload_call('App\\\\Http\\\\Contro...')
#3 C:\\xampp\\htdocs\\sekolahAPI\\vendor\\illuminate\\container\\Container.php(794): ReflectionClass->__construct('App\\\\Http\\\\Contro...')
#4 C:\\xampp\\htdocs\\sekolahAPI\\vendor\\illuminate\\container\\Container.php(671): Illuminate\\Container\\Container->build('App\\\\Http\\\\Contro...')
#5 C:\\xampp\\htdocs\\sekolahAPI\\vendor\\illuminate\\container\\Container.php(619): Illuminate\\Container\\Container->resolve('App\\\\Http\\\\Contro...', Array)
#6 C:\\xampp\\htdocs\\sekolahAPI\\vendor\\laravel\\lumen-framework\\src\\Application.php(260): Illuminate\\Container\\Container->make('App\\\\Http\\\\Contro...', Array)
#7 C:\\xampp\\htdocs\\sekolahAPI\\vendor\\laravel\\lumen-framework\\src\\Concerns\\RoutesRequests.php(311): Laravel\\Lumen\\Application->make('App\\\\Http\\\\Contro...')
#8 C:\\xampp\\htdocs\\sekolahAPI\\vendor\\laravel\\lumen-framework\\src\\Concerns\\RoutesRequests.php(278): Laravel\\Lumen\\Application->callControllerAction(Array)
#9 C:\\xampp\\htdocs\\sekolahAPI\\vendor\\laravel\\lumen-framework\\src\\Concerns\\RoutesRequests.php(263): Laravel\\Lumen\\Application->callActionOnArrayBasedRoute(Array)
#10 C:\\xampp\\htdocs\\sekolahAPI\\vendor\\laravel\\lumen-framework\\src\\Concerns\\RoutesRequests.php(233): Laravel\\Lumen\\Application->handleFoundRoute(Array)
#11 C:\\xampp\\htdocs\\sekolahAPI\\vendor\\laravel\\lumen-framework\\src\\Concerns\\RoutesRequests.php(169): Laravel\\Lumen\\Application->handleDispatcherResponse(Array)
#12 C:\\xampp\\htdocs\\sekolahAPI\\vendor\\laravel\\lumen-framework\\src\\Concerns\\RoutesRequests.php(416): Laravel\\Lumen\\Application->Laravel\\Lumen\\Concerns\\{closure}(Object(Laravel\\Lumen\\Http\\Request))
#13 C:\\xampp\\htdocs\\sekolahAPI\\vendor\\laravel\\lumen-framework\\src\\Concerns\\RoutesRequests.php(171): Laravel\\Lumen\\Application->sendThroughPipeline(Array, Object(Closure))
#14 C:\\xampp\\htdocs\\sekolahAPI\\vendor\\laravel\\lumen-framework\\src\\Concerns\\RoutesRequests.php(108): Laravel\\Lumen\\Application->dispatch(NULL)
#15 C:\\xampp\\htdocs\\sekolahAPI\\public\\index.php(28): Laravel\\Lumen\\Application->run()
#16 {main}
"} 
[2019-03-14 15:40:19] local.ERROR: Symfony\Component\Debug\Exception\FatalThrowableError: syntax error, unexpected ';', expecting ',' or ')' in C:\xampp\htdocs\sekolahAPI\app\Http\Controllers\SiswaController.php:103
Stack trace:
#0 C:\xampp\htdocs\sekolahAPI\vendor\composer\ClassLoader.php(322): Composer\Autoload\includeFile('C:\\xampp\\htdocs...')
#1 [internal function]: Composer\Autoload\ClassLoader->loadClass('App\\Http\\Contro...')
#2 [internal function]: spl_autoload_call('App\\Http\\Contro...')
#3 C:\xampp\htdocs\sekolahAPI\vendor\illuminate\container\Container.php(794): ReflectionClass->__construct('App\\Http\\Contro...')
#4 C:\xampp\htdocs\sekolahAPI\vendor\illuminate\container\Container.php(671): Illuminate\Container\Container->build('App\\Http\\Contro...')
#5 C:\xampp\htdocs\sekolahAPI\vendor\illuminate\container\Container.php(619): Illuminate\Container\Container->resolve('App\\Http\\Contro...', Array)
#6 C:\xampp\htdocs\sekolahAPI\vendor\laravel\lumen-framework\src\Application.php(260): Illuminate\Container\Container->make('App\\Http\\Contro...', Array)
#7 C:\xampp\htdocs\sekolahAPI\vendor\laravel\lumen-framework\src\Concerns\RoutesRequests.php(311): Laravel\Lumen\Application->make('App\\Http\\Contro...')
#8 C:\xampp\htdocs\sekolahAPI\vendor\laravel\lumen-framework\src\Concerns\RoutesRequests.php(278): Laravel\Lumen\Application->callControllerAction(Array)
#9 C:\xampp\htdocs\sekolahAPI\vendor\laravel\lumen-framework\src\Concerns\RoutesRequests.php(263): Laravel\Lumen\Application->callActionOnArrayBasedRoute(Array)
#10 C:\xampp\htdocs\sekolahAPI\vendor\laravel\lumen-framework\src\Concerns\RoutesRequests.php(233): Laravel\Lumen\Application->handleFoundRoute(Array)
#11 C:\xampp\htdocs\sekolahAPI\vendor\laravel\lumen-framework\src\Concerns\RoutesRequests.php(169): Laravel\Lumen\Application->handleDispatcherResponse(Array)
#12 C:\xampp\htdocs\sekolahAPI\vendor\laravel\lumen-framework\src\Concerns\RoutesRequests.php(416): Laravel\Lumen\Application->Laravel\Lumen\Concerns\{closure}(Object(Laravel\Lumen\Http\Request))
#13 C:\xampp\htdocs\sekolahAPI\vendor\laravel\lumen-framework\src\Concerns\RoutesRequests.php(171): Laravel\Lumen\Application->sendThroughPipeline(Array, Object(Closure))
#14 C:\xampp\htdocs\sekolahAPI\vendor\laravel\lumen-framework\src\Concerns\RoutesRequests.php(108): Laravel\Lumen\Application->dispatch(NULL)
#15 C:\xampp\htdocs\sekolahAPI\public\index.php(28): Laravel\Lumen\Application->run()
#16 {main} {"exception":"[object] (Symfony\\Component\\Debug\\Exception\\FatalThrowableError(code: 0): syntax error, unexpected ';', expecting ',' or ')' at C:\\xampp\\htdocs\\sekolahAPI\\app\\Http\\Controllers\\SiswaController.php:103)
[stacktrace]
#0 C:\\xampp\\htdocs\\sekolahAPI\\vendor\\composer\\ClassLoader.php(322): Composer\\Autoload\\includeFile('C:\\\\xampp\\\\htdocs...')
#1 [internal function]: Composer\\Autoload\\ClassLoader->loadClass('App\\\\Http\\\\Contro...')
#2 [internal function]: spl_autoload_call('App\\\\Http\\\\Contro...')
#3 C:\\xampp\\htdocs\\sekolahAPI\\vendor\\illuminate\\container\\Container.php(794): ReflectionClass->__construct('App\\\\Http\\\\Contro...')
#4 C:\\xampp\\htdocs\\sekolahAPI\\vendor\\illuminate\\container\\Container.php(671): Illuminate\\Container\\Container->build('App\\\\Http\\\\Contro...')
#5 C:\\xampp\\htdocs\\sekolahAPI\\vendor\\illuminate\\container\\Container.php(619): Illuminate\\Container\\Container->resolve('App\\\\Http\\\\Contro...', Array)
#6 C:\\xampp\\htdocs\\sekolahAPI\\vendor\\laravel\\lumen-framework\\src\\Application.php(260): Illuminate\\Container\\Container->make('App\\\\Http\\\\Contro...', Array)
#7 C:\\xampp\\htdocs\\sekolahAPI\\vendor\\laravel\\lumen-framework\\src\\Concerns\\RoutesRequests.php(311): Laravel\\Lumen\\Application->make('App\\\\Http\\\\Contro...')
#8 C:\\xampp\\htdocs\\sekolahAPI\\vendor\\laravel\\lumen-framework\\src\\Concerns\\RoutesRequests.php(278): Laravel\\Lumen\\Application->callControllerAction(Array)
#9 C:\\xampp\\htdocs\\sekolahAPI\\vendor\\laravel\\lumen-framework\\src\\Concerns\\RoutesRequests.php(263): Laravel\\Lumen\\Application->callActionOnArrayBasedRoute(Array)
#10 C:\\xampp\\htdocs\\sekolahAPI\\vendor\\laravel\\lumen-framework\\src\\Concerns\\RoutesRequests.php(233): Laravel\\Lumen\\Application->handleFoundRoute(Array)
#11 C:\\xampp\\htdocs\\sekolahAPI\\vendor\\laravel\\lumen-framework\\src\\Concerns\\RoutesRequests.php(169): Laravel\\Lumen\\Application->handleDispatcherResponse(Array)
#12 C:\\xampp\\htdocs\\sekolahAPI\\vendor\\laravel\\lumen-framework\\src\\Concerns\\RoutesRequests.php(416): Laravel\\Lumen\\Application->Laravel\\Lumen\\Concerns\\{closure}(Object(Laravel\\Lumen\\Http\\Request))
#13 C:\\xampp\\htdocs\\sekolahAPI\\vendor\\laravel\\lumen-framework\\src\\Concerns\\RoutesRequests.php(171): Laravel\\Lumen\\Application->sendThroughPipeline(Array, Object(Closure))
#14 C:\\xampp\\htdocs\\sekolahAPI\\vendor\\laravel\\lumen-framework\\src\\Concerns\\RoutesRequests.php(108): Laravel\\Lumen\\Application->dispatch(NULL)
#15 C:\\xampp\\htdocs\\sekolahAPI\\public\\index.php(28): Laravel\\Lumen\\Application->run()
#16 {main}
"} 
